[2021-09-05 15:17:35,673] multiqc                                            [DEBUG  ]  This is MultiQC v1.11
[2021-09-05 15:17:35,673] multiqc                                            [DEBUG  ]  No MultiQC config found: /usr/local/lib/python3.8/dist-packages/multiqc_config.yaml
[2021-09-05 15:17:35,673] multiqc                                            [DEBUG  ]  No MultiQC config found: /root/.multiqc_config.yaml
[2021-09-05 15:17:35,674] multiqc                                            [DEBUG  ]  No MultiQC config found: multiqc_config.yaml
[2021-09-05 15:17:35,674] multiqc                                            [DEBUG  ]  Command used: /usr/local/bin/multiqc .
[2021-09-05 15:17:36,277] multiqc                                            [DEBUG  ]  Latest MultiQC version is v1.11
[2021-09-05 15:17:36,277] multiqc                                            [DEBUG  ]  Command     : /usr/local/bin/multiqc .
[2021-09-05 15:17:36,278] multiqc                                            [DEBUG  ]  Working dir : /home/santi/tfg_pre/work/11/0e626567863bffab1ad128ce0a280a
[2021-09-05 15:17:36,278] multiqc                                            [DEBUG  ]  Template    : default
[2021-09-05 15:17:36,278] multiqc                                            [DEBUG  ]  Running Python 3.8.10 (default, Jun  2 2021, 10:49:15)  [GCC 9.4.0]
[2021-09-05 15:17:36,281] multiqc                                            [DEBUG  ]  Analysing modules: custom_content, ccs, ngsderive, purple, conpair, lima, peddy, somalier, methylQA, mosdepth, phantompeakqualtools, qualimap, preseq, quast, qorts, rna_seqc, rockhopper, rsem, rseqc, busco, bustools, goleft_indexcov, gffcompare, disambiguate, supernova, deeptools, sargasso, verifybamid, mirtrace, happy, mirtop, sambamba, homer, hops, macs2, theta2, snpeff, gatk, htseq, bcftools, featureCounts, fgbio, dragen, dedup, damageprofiler, biobambam2, jcvi, mtnucratio, picard, vep, sentieon, prokka, qc3C, nanostat, samblaster, samtools, sexdeterrmine, eigenstratdatabasetools, bamtools, jellyfish, vcftools, longranger, stacks, varscan2, snippy, bbmap, bismark, biscuit, hicexplorer, hicup, hicpro, salmon, kallisto, slamdunk, star, hisat2, tophat, bowtie2, bowtie1, snpsplit, odgi, pangolin, kat, leehom, adapterRemoval, clipandmerge, cutadapt, flexbar, kaiju, kraken, malt, trimmomatic, sickle, skewer, sortmerna, biobloomtools, fastq_screen, afterqc, fastp, fastqc, pychopper, pycoqc, minionqc, multivcfanalyzer, clusterflow, bcl2fastq, bclconvert, interop, ivar, flash, seqyclean, optitype
[2021-09-05 15:17:36,282] multiqc                                            [DEBUG  ]  Using temporary directory for creating report: /tmp/tmp9a74ofbu
[2021-09-05 15:17:36,581] multiqc                                            [INFO   ]  Search path : /home/santi/tfg_pre/work/11/0e626567863bffab1ad128ce0a280a
[2021-09-05 15:17:36,651] multiqc                                            [DEBUG  ]  File ignored by ccs/v4 because it exceeded search pattern filesize limit: .command.run
[2021-09-05 15:17:36,652] multiqc                                            [DEBUG  ]  File ignored by hicexplorer because it exceeded search pattern filesize limit: .command.run
[2021-09-05 15:17:36,652] multiqc                                            [DEBUG  ]  File ignored by nanostat because it exceeded search pattern filesize limit: .command.run
[2021-09-05 15:17:36,652] multiqc                                            [DEBUG  ]  File ignored by lima/summary because it exceeded search pattern filesize limit: .command.run
[2021-09-05 15:17:36,654] multiqc                                            [DEBUG  ]  File ignored by longranger/invocation because it exceeded search pattern filesize limit: .command.run
[2021-09-05 15:17:36,712] multiqc                                            [DEBUG  ]  File ignored by ccs/v4 because it exceeded search pattern filesize limit: ggal_gutLog.out
[2021-09-05 15:17:36,713] multiqc                                            [DEBUG  ]  File ignored by hicexplorer because it exceeded search pattern filesize limit: ggal_gutLog.out
[2021-09-05 15:17:36,714] multiqc                                            [DEBUG  ]  File ignored by nanostat because it exceeded search pattern filesize limit: ggal_gutLog.out
[2021-09-05 15:17:36,714] multiqc                                            [DEBUG  ]  File ignored by lima/summary because it exceeded search pattern filesize limit: ggal_gutLog.out
[2021-09-05 15:17:36,715] multiqc                                            [DEBUG  ]  File ignored by longranger/invocation because it exceeded search pattern filesize limit: ggal_gutLog.out
[2021-09-05 15:17:36,774] multiqc                                            [DEBUG  ]  File ignored by ccs/v4 because it exceeded search pattern filesize limit: Log.out
[2021-09-05 15:17:36,775] multiqc                                            [DEBUG  ]  File ignored by hicexplorer because it exceeded search pattern filesize limit: Log.out
[2021-09-05 15:17:36,776] multiqc                                            [DEBUG  ]  File ignored by nanostat because it exceeded search pattern filesize limit: Log.out
[2021-09-05 15:17:36,776] multiqc                                            [DEBUG  ]  File ignored by lima/summary because it exceeded search pattern filesize limit: Log.out
[2021-09-05 15:17:36,778] multiqc                                            [DEBUG  ]  File ignored by longranger/invocation because it exceeded search pattern filesize limit: Log.out
[2021-09-05 15:17:36,790] multiqc                                            [DEBUG  ]  File ignored by ccs/v4 because it exceeded search pattern filesize limit: ggal_liverLog.out
[2021-09-05 15:17:36,791] multiqc                                            [DEBUG  ]  File ignored by hicexplorer because it exceeded search pattern filesize limit: ggal_liverLog.out
[2021-09-05 15:17:36,791] multiqc                                            [DEBUG  ]  File ignored by nanostat because it exceeded search pattern filesize limit: ggal_liverLog.out
[2021-09-05 15:17:36,791] multiqc                                            [DEBUG  ]  File ignored by lima/summary because it exceeded search pattern filesize limit: ggal_liverLog.out
[2021-09-05 15:17:36,793] multiqc                                            [DEBUG  ]  File ignored by longranger/invocation because it exceeded search pattern filesize limit: ggal_liverLog.out
[2021-09-05 15:17:36,839] multiqc                                            [DEBUG  ]  File ignored by ccs/v4 because it exceeded search pattern filesize limit: ggal_gut_2_fastqc.html
[2021-09-05 15:17:36,840] multiqc                                            [DEBUG  ]  File ignored by hicexplorer because it exceeded search pattern filesize limit: ggal_gut_2_fastqc.html
[2021-09-05 15:17:36,840] multiqc                                            [DEBUG  ]  File ignored by nanostat because it exceeded search pattern filesize limit: ggal_gut_2_fastqc.html
[2021-09-05 15:17:36,840] multiqc                                            [DEBUG  ]  File ignored by lima/summary because it exceeded search pattern filesize limit: ggal_gut_2_fastqc.html
[2021-09-05 15:17:36,843] multiqc                                            [DEBUG  ]  File ignored by vep/vep_txt because it exceeded search pattern filesize limit: ggal_gut_2_fastqc.html
[2021-09-05 15:17:36,843] multiqc                                            [DEBUG  ]  File ignored by longranger/invocation because it exceeded search pattern filesize limit: ggal_gut_2_fastqc.html
[2021-09-05 15:17:36,843] multiqc                                            [DEBUG  ]  File ignored by rockhopper because it exceeded search pattern filesize limit: ggal_gut_2_fastqc.html
[2021-09-05 15:17:36,843] multiqc                                            [DEBUG  ]  File ignored by rseqc/bam_stat because it exceeded search pattern filesize limit: ggal_gut_2_fastqc.html
[2021-09-05 15:17:36,843] multiqc                                            [DEBUG  ]  File ignored by rseqc/junction_annotation because it exceeded search pattern filesize limit: ggal_gut_2_fastqc.html
[2021-09-05 15:17:36,843] multiqc                                            [DEBUG  ]  File ignored by rseqc/read_distribution because it exceeded search pattern filesize limit: ggal_gut_2_fastqc.html
[2021-09-05 15:17:36,843] multiqc                                            [DEBUG  ]  File ignored by rseqc/infer_experiment because it exceeded search pattern filesize limit: ggal_gut_2_fastqc.html
[2021-09-05 15:17:36,931] multiqc                                            [DEBUG  ]  File ignored by ccs/v4 because it exceeded search pattern filesize limit: ggal_liver_1_fastqc.html
[2021-09-05 15:17:36,932] multiqc                                            [DEBUG  ]  File ignored by hicexplorer because it exceeded search pattern filesize limit: ggal_liver_1_fastqc.html
[2021-09-05 15:17:36,932] multiqc                                            [DEBUG  ]  File ignored by nanostat because it exceeded search pattern filesize limit: ggal_liver_1_fastqc.html
[2021-09-05 15:17:36,932] multiqc                                            [DEBUG  ]  File ignored by lima/summary because it exceeded search pattern filesize limit: ggal_liver_1_fastqc.html
[2021-09-05 15:17:36,934] multiqc                                            [DEBUG  ]  File ignored by vep/vep_txt because it exceeded search pattern filesize limit: ggal_liver_1_fastqc.html
[2021-09-05 15:17:36,934] multiqc                                            [DEBUG  ]  File ignored by longranger/invocation because it exceeded search pattern filesize limit: ggal_liver_1_fastqc.html
[2021-09-05 15:17:36,934] multiqc                                            [DEBUG  ]  File ignored by rockhopper because it exceeded search pattern filesize limit: ggal_liver_1_fastqc.html
[2021-09-05 15:17:36,934] multiqc                                            [DEBUG  ]  File ignored by rseqc/bam_stat because it exceeded search pattern filesize limit: ggal_liver_1_fastqc.html
[2021-09-05 15:17:36,934] multiqc                                            [DEBUG  ]  File ignored by rseqc/junction_annotation because it exceeded search pattern filesize limit: ggal_liver_1_fastqc.html
[2021-09-05 15:17:36,934] multiqc                                            [DEBUG  ]  File ignored by rseqc/read_distribution because it exceeded search pattern filesize limit: ggal_liver_1_fastqc.html
[2021-09-05 15:17:36,935] multiqc                                            [DEBUG  ]  File ignored by rseqc/infer_experiment because it exceeded search pattern filesize limit: ggal_liver_1_fastqc.html
[2021-09-05 15:17:37,032] multiqc                                            [DEBUG  ]  File ignored by ccs/v4 because it exceeded search pattern filesize limit: ggal_liver_2_fastqc.html
[2021-09-05 15:17:37,034] multiqc                                            [DEBUG  ]  File ignored by hicexplorer because it exceeded search pattern filesize limit: ggal_liver_2_fastqc.html
[2021-09-05 15:17:37,035] multiqc                                            [DEBUG  ]  File ignored by nanostat because it exceeded search pattern filesize limit: ggal_liver_2_fastqc.html
[2021-09-05 15:17:37,035] multiqc                                            [DEBUG  ]  File ignored by lima/summary because it exceeded search pattern filesize limit: ggal_liver_2_fastqc.html
[2021-09-05 15:17:37,039] multiqc                                            [DEBUG  ]  File ignored by vep/vep_txt because it exceeded search pattern filesize limit: ggal_liver_2_fastqc.html
[2021-09-05 15:17:37,039] multiqc                                            [DEBUG  ]  File ignored by longranger/invocation because it exceeded search pattern filesize limit: ggal_liver_2_fastqc.html
[2021-09-05 15:17:37,039] multiqc                                            [DEBUG  ]  File ignored by rockhopper because it exceeded search pattern filesize limit: ggal_liver_2_fastqc.html
[2021-09-05 15:17:37,039] multiqc                                            [DEBUG  ]  File ignored by rseqc/bam_stat because it exceeded search pattern filesize limit: ggal_liver_2_fastqc.html
[2021-09-05 15:17:37,040] multiqc                                            [DEBUG  ]  File ignored by rseqc/junction_annotation because it exceeded search pattern filesize limit: ggal_liver_2_fastqc.html
[2021-09-05 15:17:37,040] multiqc                                            [DEBUG  ]  File ignored by rseqc/read_distribution because it exceeded search pattern filesize limit: ggal_liver_2_fastqc.html
[2021-09-05 15:17:37,040] multiqc                                            [DEBUG  ]  File ignored by rseqc/infer_experiment because it exceeded search pattern filesize limit: ggal_liver_2_fastqc.html
[2021-09-05 15:17:37,162] multiqc                                            [DEBUG  ]  File ignored by ccs/v4 because it exceeded search pattern filesize limit: ggal_gut_1_fastqc.html
[2021-09-05 15:17:37,165] multiqc                                            [DEBUG  ]  File ignored by hicexplorer because it exceeded search pattern filesize limit: ggal_gut_1_fastqc.html
[2021-09-05 15:17:37,165] multiqc                                            [DEBUG  ]  File ignored by nanostat because it exceeded search pattern filesize limit: ggal_gut_1_fastqc.html
[2021-09-05 15:17:37,165] multiqc                                            [DEBUG  ]  File ignored by lima/summary because it exceeded search pattern filesize limit: ggal_gut_1_fastqc.html
[2021-09-05 15:17:37,170] multiqc                                            [DEBUG  ]  File ignored by vep/vep_txt because it exceeded search pattern filesize limit: ggal_gut_1_fastqc.html
[2021-09-05 15:17:37,170] multiqc                                            [DEBUG  ]  File ignored by longranger/invocation because it exceeded search pattern filesize limit: ggal_gut_1_fastqc.html
[2021-09-05 15:17:37,171] multiqc                                            [DEBUG  ]  File ignored by rockhopper because it exceeded search pattern filesize limit: ggal_gut_1_fastqc.html
[2021-09-05 15:17:37,171] multiqc                                            [DEBUG  ]  File ignored by rseqc/bam_stat because it exceeded search pattern filesize limit: ggal_gut_1_fastqc.html
[2021-09-05 15:17:37,171] multiqc                                            [DEBUG  ]  File ignored by rseqc/junction_annotation because it exceeded search pattern filesize limit: ggal_gut_1_fastqc.html
[2021-09-05 15:17:37,171] multiqc                                            [DEBUG  ]  File ignored by rseqc/read_distribution because it exceeded search pattern filesize limit: ggal_gut_1_fastqc.html
[2021-09-05 15:17:37,171] multiqc                                            [DEBUG  ]  File ignored by rseqc/infer_experiment because it exceeded search pattern filesize limit: ggal_gut_1_fastqc.html
[2021-09-05 15:17:37,256] multiqc                                            [DEBUG  ]  File ignored by ccs/v4 because it exceeded search pattern filesize limit: mark_dups_ggal_gut.metrics
[2021-09-05 15:17:37,257] multiqc                                            [DEBUG  ]  File ignored by lima/summary because it exceeded search pattern filesize limit: mark_dups_ggal_gut.metrics
[2021-09-05 15:17:37,259] multiqc                                            [DEBUG  ]  File ignored by longranger/invocation because it exceeded search pattern filesize limit: mark_dups_ggal_gut.metrics
[2021-09-05 15:17:37,265] multiqc                                            [DEBUG  ]  Ignoring file as matched an ignore pattern: mark_dups_ggal_gut.bam
[2021-09-05 15:17:37,268] multiqc                                            [DEBUG  ]  File ignored by ccs/v4 because it exceeded search pattern filesize limit: mark_dups_ggal_liver.metrics
[2021-09-05 15:17:37,270] multiqc                                            [DEBUG  ]  File ignored by lima/summary because it exceeded search pattern filesize limit: mark_dups_ggal_liver.metrics
[2021-09-05 15:17:37,272] multiqc                                            [DEBUG  ]  File ignored by longranger/invocation because it exceeded search pattern filesize limit: mark_dups_ggal_liver.metrics
[2021-09-05 15:17:37,278] multiqc                                            [DEBUG  ]  Ignoring file as matched an ignore pattern: mark_dups_ggal_liver.bam
[2021-09-05 15:17:39,432] multiqc.plots.bargraph                             [DEBUG  ]  Using matplotlib version 3.4.3
[2021-09-05 15:17:39,433] multiqc.plots.linegraph                            [DEBUG  ]  Using matplotlib version 3.4.3
[2021-09-05 15:17:39,433] multiqc                                            [DEBUG  ]  No samples found: custom_content
[2021-09-05 15:17:39,436] multiqc                                            [DEBUG  ]  No samples found: ccs
[2021-09-05 15:17:39,439] multiqc                                            [DEBUG  ]  No samples found: ngsderive
[2021-09-05 15:17:39,442] multiqc                                            [DEBUG  ]  No samples found: purple
[2021-09-05 15:17:39,445] multiqc                                            [DEBUG  ]  No samples found: conpair
[2021-09-05 15:17:39,448] multiqc                                            [DEBUG  ]  No samples found: lima
[2021-09-05 15:17:39,451] multiqc                                            [DEBUG  ]  No samples found: peddy
[2021-09-05 15:17:39,453] multiqc                                            [DEBUG  ]  No samples found: somalier
[2021-09-05 15:17:39,456] multiqc                                            [DEBUG  ]  No samples found: methylQA
[2021-09-05 15:17:39,460] multiqc.modules.mosdepth.mosdepth                  [DEBUG  ]  include_contigs: []
[2021-09-05 15:17:39,460] multiqc.modules.mosdepth.mosdepth                  [DEBUG  ]  exclude_contigs: []
[2021-09-05 15:17:39,460] multiqc                                            [DEBUG  ]  No samples found: mosdepth
[2021-09-05 15:17:39,463] multiqc                                            [DEBUG  ]  No samples found: phantompeakqualtools
[2021-09-05 15:17:39,465] multiqc                                            [DEBUG  ]  No samples found: qualimap
[2021-09-05 15:17:39,468] multiqc                                            [DEBUG  ]  No samples found: preseq
[2021-09-05 15:17:39,471] multiqc                                            [DEBUG  ]  No samples found: quast
[2021-09-05 15:17:39,474] multiqc                                            [DEBUG  ]  No samples found: qorts
[2021-09-05 15:17:39,477] multiqc                                            [DEBUG  ]  No samples found: rna_seqc
[2021-09-05 15:17:39,480] multiqc                                            [DEBUG  ]  No samples found: rockhopper
[2021-09-05 15:17:39,482] multiqc                                            [DEBUG  ]  No samples found: rsem
[2021-09-05 15:17:39,487] multiqc                                            [DEBUG  ]  No samples found: rseqc
[2021-09-05 15:17:39,490] multiqc                                            [DEBUG  ]  No samples found: busco
[2021-09-05 15:17:39,493] multiqc                                            [DEBUG  ]  No samples found: bustools
[2021-09-05 15:17:39,496] multiqc                                            [DEBUG  ]  No samples found: goleft_indexcov
[2021-09-05 15:17:39,498] multiqc                                            [DEBUG  ]  No samples found: gffcompare
[2021-09-05 15:17:39,501] multiqc                                            [DEBUG  ]  No samples found: disambiguate
[2021-09-05 15:17:39,504] multiqc                                            [DEBUG  ]  No samples found: supernova
[2021-09-05 15:17:39,509] multiqc                                            [DEBUG  ]  No samples found: deeptools
[2021-09-05 15:17:39,512] multiqc                                            [DEBUG  ]  No samples found: sargasso
[2021-09-05 15:17:39,514] multiqc                                            [DEBUG  ]  No samples found: verifybamid
[2021-09-05 15:17:39,517] multiqc                                            [DEBUG  ]  No samples found: mirtrace
[2021-09-05 15:17:39,520] multiqc                                            [DEBUG  ]  No samples found: happy
[2021-09-05 15:17:39,523] multiqc                                            [DEBUG  ]  No samples found: mirtop
[2021-09-05 15:17:39,526] multiqc                                            [DEBUG  ]  No samples found: sambamba
[2021-09-05 15:17:39,529] multiqc                                            [DEBUG  ]  No samples found: homer
[2021-09-05 15:17:39,532] multiqc                                            [DEBUG  ]  No samples found: hops
[2021-09-05 15:17:39,535] multiqc                                            [DEBUG  ]  No samples found: macs2
[2021-09-05 15:17:39,538] multiqc                                            [DEBUG  ]  No samples found: theta2
[2021-09-05 15:17:39,540] multiqc                                            [DEBUG  ]  No samples found: snpeff
[2021-09-05 15:17:39,544] multiqc                                            [DEBUG  ]  No samples found: gatk
[2021-09-05 15:17:39,547] multiqc                                            [DEBUG  ]  No samples found: htseq
[2021-09-05 15:17:39,550] multiqc                                            [DEBUG  ]  No samples found: bcftools
[2021-09-05 15:17:39,552] multiqc                                            [DEBUG  ]  No samples found: featureCounts
[2021-09-05 15:17:39,704] multiqc                                            [DEBUG  ]  No samples found: fgbio
[2021-09-05 15:17:39,713] multiqc                                            [DEBUG  ]  No samples found: dragen
[2021-09-05 15:17:39,716] multiqc                                            [DEBUG  ]  No samples found: dedup
[2021-09-05 15:17:39,718] multiqc                                            [DEBUG  ]  No samples found: damageprofiler
[2021-09-05 15:17:39,727] multiqc                                            [DEBUG  ]  No samples found: biobambam2
[2021-09-05 15:17:39,730] multiqc                                            [DEBUG  ]  No samples found: jcvi
[2021-09-05 15:17:39,733] multiqc                                            [DEBUG  ]  No samples found: mtnucratio
[2021-09-05 15:17:39,744] multiqc.modules.picard.picard                      [INFO   ]  Found 2 MarkDuplicates reports
[2021-09-05 15:17:39,747] multiqc                                            [DEBUG  ]  No samples found: vep
[2021-09-05 15:17:39,751] multiqc                                            [DEBUG  ]  No samples found: sentieon
[2021-09-05 15:17:39,754] multiqc                                            [DEBUG  ]  No samples found: prokka
[2021-09-05 15:17:39,757] multiqc                                            [DEBUG  ]  No samples found: qc3C
[2021-09-05 15:17:39,759] multiqc                                            [DEBUG  ]  No samples found: nanostat
[2021-09-05 15:17:39,762] multiqc                                            [DEBUG  ]  No samples found: samblaster
[2021-09-05 15:17:39,766] multiqc                                            [DEBUG  ]  No samples found: samtools
[2021-09-05 15:17:39,769] multiqc                                            [DEBUG  ]  No samples found: sexdeterrmine
[2021-09-05 15:17:39,771] multiqc                                            [DEBUG  ]  No samples found: eigenstratdatabasetools
[2021-09-05 15:17:39,774] multiqc                                            [DEBUG  ]  No samples found: bamtools
[2021-09-05 15:17:39,777] multiqc                                            [DEBUG  ]  No samples found: jellyfish
[2021-09-05 15:17:39,781] multiqc                                            [DEBUG  ]  No samples found: vcftools
[2021-09-05 15:17:39,783] multiqc                                            [DEBUG  ]  No samples found: longranger
[2021-09-05 15:17:39,786] multiqc                                            [DEBUG  ]  No samples found: stacks
[2021-09-05 15:17:39,789] multiqc                                            [DEBUG  ]  No samples found: varscan2
[2021-09-05 15:17:39,792] multiqc                                            [DEBUG  ]  No samples found: snippy
[2021-09-05 15:17:39,797] multiqc                                            [DEBUG  ]  No samples found: bbmap
[2021-09-05 15:17:39,800] multiqc                                            [DEBUG  ]  No samples found: bismark
[2021-09-05 15:17:39,803] multiqc                                            [DEBUG  ]  No samples found: biscuit
[2021-09-05 15:17:39,806] multiqc                                            [DEBUG  ]  No samples found: hicexplorer
[2021-09-05 15:17:39,808] multiqc                                            [DEBUG  ]  No samples found: hicup
[2021-09-05 15:17:39,811] multiqc                                            [DEBUG  ]  No samples found: hicpro
[2021-09-05 15:17:39,814] multiqc                                            [DEBUG  ]  No samples found: salmon
[2021-09-05 15:17:39,817] multiqc                                            [DEBUG  ]  No samples found: kallisto
[2021-09-05 15:17:39,820] multiqc                                            [DEBUG  ]  No samples found: slamdunk
[2021-09-05 15:17:39,828] multiqc.modules.star.star                          [INFO   ]  Found 2 reports
[2021-09-05 15:17:39,831] multiqc                                            [DEBUG  ]  No samples found: hisat2
[2021-09-05 15:17:39,834] multiqc                                            [DEBUG  ]  No samples found: tophat
[2021-09-05 15:17:39,837] multiqc                                            [DEBUG  ]  No samples found: bowtie2
[2021-09-05 15:17:39,839] multiqc                                            [DEBUG  ]  No samples found: bowtie1
[2021-09-05 15:17:39,842] multiqc                                            [DEBUG  ]  No samples found: snpsplit
[2021-09-05 15:17:39,845] multiqc                                            [DEBUG  ]  No samples found: odgi
[2021-09-05 15:17:39,848] multiqc                                            [DEBUG  ]  No samples found: pangolin
[2021-09-05 15:17:39,851] multiqc                                            [DEBUG  ]  No samples found: kat
[2021-09-05 15:17:39,853] multiqc                                            [DEBUG  ]  No samples found: leehom
[2021-09-05 15:17:39,856] multiqc                                            [DEBUG  ]  No samples found: adapterRemoval
[2021-09-05 15:17:39,859] multiqc                                            [DEBUG  ]  No samples found: clipandmerge
[2021-09-05 15:17:39,862] multiqc                                            [DEBUG  ]  No samples found: cutadapt
[2021-09-05 15:17:39,865] multiqc                                            [DEBUG  ]  No samples found: flexbar
[2021-09-05 15:17:39,867] multiqc                                            [DEBUG  ]  No samples found: kaiju
[2021-09-05 15:17:39,870] multiqc                                            [DEBUG  ]  No samples found: kraken
[2021-09-05 15:17:39,873] multiqc                                            [DEBUG  ]  No samples found: malt
[2021-09-05 15:17:39,876] multiqc                                            [DEBUG  ]  No samples found: trimmomatic
[2021-09-05 15:17:39,878] multiqc                                            [DEBUG  ]  No samples found: sickle
[2021-09-05 15:17:39,881] multiqc                                            [DEBUG  ]  No samples found: skewer
[2021-09-05 15:17:39,884] multiqc                                            [DEBUG  ]  No samples found: sortmerna
[2021-09-05 15:17:39,887] multiqc                                            [DEBUG  ]  No samples found: biobloomtools
[2021-09-05 15:17:39,889] multiqc                                            [DEBUG  ]  No samples found: fastq_screen
[2021-09-05 15:17:39,892] multiqc                                            [DEBUG  ]  No samples found: afterqc
[2021-09-05 15:17:39,895] multiqc                                            [DEBUG  ]  No samples found: fastp
[2021-09-05 15:17:40,012] multiqc.modules.fastqc.fastqc                      [INFO   ]  Found 4 reports
[2021-09-05 15:17:40,109] multiqc                                            [DEBUG  ]  No samples found: pychopper
[2021-09-05 15:17:40,111] multiqc                                            [DEBUG  ]  No samples found: pycoqc
[2021-09-05 15:17:40,114] multiqc                                            [DEBUG  ]  No samples found: minionqc
[2021-09-05 15:17:40,117] multiqc                                            [DEBUG  ]  No samples found: multivcfanalyzer
[2021-09-05 15:17:40,120] multiqc                                            [DEBUG  ]  No samples found: clusterflow
[2021-09-05 15:17:40,123] multiqc                                            [DEBUG  ]  No samples found: bcl2fastq
[2021-09-05 15:17:40,126] multiqc                                            [DEBUG  ]  No samples found: bclconvert
[2021-09-05 15:17:40,129] multiqc                                            [DEBUG  ]  No samples found: interop
[2021-09-05 15:17:40,131] multiqc                                            [DEBUG  ]  No samples found: ivar
[2021-09-05 15:17:40,134] multiqc                                            [DEBUG  ]  No samples found: flash
[2021-09-05 15:17:40,137] multiqc                                            [DEBUG  ]  No samples found: seqyclean
[2021-09-05 15:17:40,140] multiqc                                            [DEBUG  ]  No samples found: optitype
[2021-09-05 15:17:40,149] multiqc                                            [INFO   ]  Compressing plot data
[2021-09-05 15:17:40,256] multiqc                                            [INFO   ]  Report      : multiqc_report.html
[2021-09-05 15:17:40,256] multiqc                                            [INFO   ]  Data        : multiqc_data
[2021-09-05 15:17:40,256] multiqc                                            [DEBUG  ]  Moving data file from '/tmp/tmp9a74ofbu/multiqc_data' to '/home/santi/tfg_pre/work/11/0e626567863bffab1ad128ce0a280a/multiqc_data'
[2021-09-05 15:17:40,438] multiqc                                            [INFO   ]  MultiQC complete
